  Compiling CUDA source file kernel.cu...
  
  C:\Users\nope1\source\repos\CSGCuda\CSGCuda>"C:\Program Files\NVIDIA GPU Computing Toolkit\CUDA\v12.2\bin\nvcc.exe" -gencode=arch=compute_52,code=\"sm_52,compute_52\" --use-local-env -ccbin "C:\Program Files\Microsoft Visual Studio\2022\Community\VC\Tools\MSVC\14.30.30705\bin\HostX64\x64" -x cu   -IC:\Users\nope1\source\repos\CSGCuda\Includes -IC:\Users\nope1\source\repos\CSGCuda\CSGCuda\ -I"C:\Program Files\NVIDIA GPU Computing Toolkit\CUDA\v12.2\include" -I"C:\Program Files\NVIDIA GPU Computing Toolkit\CUDA\v12.2\include"  -G   --keep-dir x64\Debug  -maxrregcount=0   --machine 64 --compile -cudart static  -g  -DWIN32 -DWIN64 -D_DEBUG -D_CONSOLE -D_MBCS -Xcompiler "/EHsc /W3 /nologo /Od /FS /Zi /RTC1 /MDd " -Xcompiler "/Fdx64\Debug\vc143.pdb" -o C:\Users\nope1\source\repos\CSGCuda\CSGCuda\x64\Debug\kernel.cu.obj "C:\Users\nope1\source\repos\CSGCuda\CSGCuda\kernel.cu" 
C:\Users\nope1\source\repos\CSGCuda\Includes\GLM\ext\../detail/type_vec2.hpp(94): warning #20012-D: __device__ annotation is ignored on a function("vec") that is explicitly defaulted on its first declaration
    		__declspec(__device__) __declspec(__host__)  vec() = default;
    		           ^
  
  Remark: The warnings can be suppressed with "-diag-suppress <warning-number>"
  
C:\Users\nope1\source\repos\CSGCuda\Includes\GLM\ext\../detail/type_vec2.hpp(94): warning #20012-D: __host__ annotation is ignored on a function("vec") that is explicitly defaulted on its first declaration
    		__declspec(__device__) __declspec(__host__)  vec() = default;
    		                                  ^
  
C:\Users\nope1\source\repos\CSGCuda\Includes\GLM\ext\../detail/type_vec2.hpp(95): warning #20012-D: __device__ annotation is ignored on a function("vec") that is explicitly defaulted on its first declaration
    		__declspec(__device__) __declspec(__host__)  vec(vec const& v) = default;
    		           ^
  
C:\Users\nope1\source\repos\CSGCuda\Includes\GLM\ext\../detail/type_vec2.hpp(95): warning #20012-D: __host__ annotation is ignored on a function("vec") that is explicitly defaulted on its first declaration
    		__declspec(__device__) __declspec(__host__)  vec(vec const& v) = default;
    		                                  ^
  
C:\Users\nope1\source\repos\CSGCuda\Includes\GLM\ext\../detail/type_vec2.hpp(143): warning #20012-D: __device__ annotation is ignored on a function("operator=") that is explicitly defaulted on its first declaration
    		__declspec(__device__) __declspec(__host__)  vec<2, T, Q> & operator=(vec const& v) = default;
    		           ^
  
C:\Users\nope1\source\repos\CSGCuda\Includes\GLM\ext\../detail/type_vec2.hpp(143): warning #20012-D: __host__ annotation is ignored on a function("operator=") that is explicitly defaulted on its first declaration
    		__declspec(__device__) __declspec(__host__)  vec<2, T, Q> & operator=(vec const& v) = default;
    		                                  ^
  
C:\Users\nope1\source\repos\CSGCuda\Includes\GLM\ext\../detail/type_vec3.hpp(98): warning #20012-D: __device__ annotation is ignored on a function("vec") that is explicitly defaulted on its first declaration
    		__declspec(__device__) __declspec(__host__)  vec() = default;
    		           ^
  
C:\Users\nope1\source\repos\CSGCuda\Includes\GLM\ext\../detail/type_vec3.hpp(98): warning #20012-D: __host__ annotation is ignored on a function("vec") that is explicitly defaulted on its first declaration
    		__declspec(__device__) __declspec(__host__)  vec() = default;
    		                                  ^
  
C:\Users\nope1\source\repos\CSGCuda\Includes\GLM\ext\../detail/type_vec3.hpp(99): warning #20012-D: __device__ annotation is ignored on a function("vec") that is explicitly defaulted on its first declaration
    		__declspec(__device__) __declspec(__host__)  vec(vec const& v) = default;
    		           ^
  
C:\Users\nope1\source\repos\CSGCuda\Includes\GLM\ext\../detail/type_vec3.hpp(99): warning #20012-D: __host__ annotation is ignored on a function("vec") that is explicitly defaulted on its first declaration
    		__declspec(__device__) __declspec(__host__)  vec(vec const& v) = default;
    		                                  ^
  
C:\Users\nope1\source\repos\CSGCuda\Includes\GLM\ext\../detail/type_vec3.hpp(176): warning #20012-D: __device__ annotation is ignored on a function("operator=") that is explicitly defaulted on its first declaration
    		__declspec(__device__) __declspec(__host__)  vec<3, T, Q>& operator=(vec<3, T, Q> const& v) = default;
    		           ^
  
C:\Users\nope1\source\repos\CSGCuda\Includes\GLM\ext\../detail/type_vec3.hpp(176): warning #20012-D: __host__ annotation is ignored on a function("operator=") that is explicitly defaulted on its first declaration
    		__declspec(__device__) __declspec(__host__)  vec<3, T, Q>& operator=(vec<3, T, Q> const& v) = default;
    		                                  ^
  
C:\Users\nope1\source\repos\CSGCuda\Includes\GLM\ext\../detail/type_vec4.hpp(97): warning #20012-D: __device__ annotation is ignored on a function("vec") that is explicitly defaulted on its first declaration
    		__declspec(__device__) __declspec(__host__)  vec() = default;
    		           ^
  
C:\Users\nope1\source\repos\CSGCuda\Includes\GLM\ext\../detail/type_vec4.hpp(97): warning #20012-D: __host__ annotation is ignored on a function("vec") that is explicitly defaulted on its first declaration
    		__declspec(__device__) __declspec(__host__)  vec() = default;
    		                                  ^
  
C:\Users\nope1\source\repos\CSGCuda\Includes\GLM\ext\../detail/type_vec4.hpp(98): warning #20012-D: __device__ annotation is ignored on a function("vec") that is explicitly defaulted on its first declaration
    		__declspec(__device__) __declspec(__host__)  vec(vec<4, T, Q> const& v) = default;
    		           ^
  
C:\Users\nope1\source\repos\CSGCuda\Includes\GLM\ext\../detail/type_vec4.hpp(98): warning #20012-D: __host__ annotation is ignored on a function("vec") that is explicitly defaulted on its first declaration
    		__declspec(__device__) __declspec(__host__)  vec(vec<4, T, Q> const& v) = default;
    		                                  ^
  
C:\Users\nope1\source\repos\CSGCuda\Includes\GLM\ext\../detail/type_vec4.hpp(249): warning #20012-D: __device__ annotation is ignored on a function("operator=") that is explicitly defaulted on its first declaration
    		__declspec(__device__) __declspec(__host__)  vec<4, T, Q>& operator=(vec<4, T, Q> const& v) = default;
    		           ^
  
C:\Users\nope1\source\repos\CSGCuda\Includes\GLM\ext\../detail/type_vec4.hpp(249): warning #20012-D: __host__ annotation is ignored on a function("operator=") that is explicitly defaulted on its first declaration
    		__declspec(__device__) __declspec(__host__)  vec<4, T, Q>& operator=(vec<4, T, Q> const& v) = default;
    		                                  ^
  
C:\Users\nope1\source\repos\CSGCuda\Includes\GLM\ext\../detail/type_mat2x2.hpp(35): warning #20012-D: __device__ annotation is ignored on a function("mat") that is explicitly defaulted on its first declaration
    		__declspec(__device__) __declspec(__host__)  mat() = default;
    		           ^
  
C:\Users\nope1\source\repos\CSGCuda\Includes\GLM\ext\../detail/type_mat2x2.hpp(35): warning #20012-D: __host__ annotation is ignored on a function("mat") that is explicitly defaulted on its first declaration
    		__declspec(__device__) __declspec(__host__)  mat() = default;
    		                                  ^
  
C:\Users\nope1\source\repos\CSGCuda\Includes\GLM\ext\../detail/type_mat2x3.hpp(36): warning #20012-D: __device__ annotation is ignored on a function("mat") that is explicitly defaulted on its first declaration
    		__declspec(__device__) __declspec(__host__)  mat() = default;
    		           ^
  
C:\Users\nope1\source\repos\CSGCuda\Includes\GLM\ext\../detail/type_mat2x3.hpp(36): warning #20012-D: __host__ annotation is ignored on a function("mat") that is explicitly defaulted on its first declaration
    		__declspec(__device__) __declspec(__host__)  mat() = default;
    		                                  ^
  
C:\Users\nope1\source\repos\CSGCuda\Includes\GLM\ext\../detail/type_mat2x4.hpp(36): warning #20012-D: __device__ annotation is ignored on a function("mat") that is explicitly defaulted on its first declaration
    		__declspec(__device__) __declspec(__host__)  mat() = default;
    		           ^
  
C:\Users\nope1\source\repos\CSGCuda\Includes\GLM\ext\../detail/type_mat2x4.hpp(36): warning #20012-D: __host__ annotation is ignored on a function("mat") that is explicitly defaulted on its first declaration
    		__declspec(__device__) __declspec(__host__)  mat() = default;
    		                                  ^
  
C:\Users\nope1\source\repos\CSGCuda\Includes\GLM\ext\../detail/type_mat3x2.hpp(36): warning #20012-D: __device__ annotation is ignored on a function("mat") that is explicitly defaulted on its first declaration
    		__declspec(__device__) __declspec(__host__)  mat() = default;
    		           ^
  
C:\Users\nope1\source\repos\CSGCuda\Includes\GLM\ext\../detail/type_mat3x2.hpp(36): warning #20012-D: __host__ annotation is ignored on a function("mat") that is explicitly defaulted on its first declaration
    		__declspec(__device__) __declspec(__host__)  mat() = default;
    		                                  ^
  
C:\Users\nope1\source\repos\CSGCuda\Includes\GLM\ext\../detail/type_mat3x3.hpp(35): warning #20012-D: __device__ annotation is ignored on a function("mat") that is explicitly defaulted on its first declaration
    		__declspec(__device__) __declspec(__host__)  mat() = default;
    		           ^
  
C:\Users\nope1\source\repos\CSGCuda\Includes\GLM\ext\../detail/type_mat3x3.hpp(35): warning #20012-D: __host__ annotation is ignored on a function("mat") that is explicitly defaulted on its first declaration
    		__declspec(__device__) __declspec(__host__)  mat() = default;
    		                                  ^
  
C:\Users\nope1\source\repos\CSGCuda\Includes\GLM\ext\../detail/type_mat3x4.hpp(36): warning #20012-D: __device__ annotation is ignored on a function("mat") that is explicitly defaulted on its first declaration
    		__declspec(__device__) __declspec(__host__)  mat() = default;
    		           ^
  
C:\Users\nope1\source\repos\CSGCuda\Includes\GLM\ext\../detail/type_mat3x4.hpp(36): warning #20012-D: __host__ annotation is ignored on a function("mat") that is explicitly defaulted on its first declaration
    		__declspec(__device__) __declspec(__host__)  mat() = default;
    		                                  ^
  
C:\Users\nope1\source\repos\CSGCuda\Includes\GLM\ext\../detail/type_mat4x2.hpp(36): warning #20012-D: __device__ annotation is ignored on a function("mat") that is explicitly defaulted on its first declaration
    		__declspec(__device__) __declspec(__host__)  mat() = default;
    		           ^
  
C:\Users\nope1\source\repos\CSGCuda\Includes\GLM\ext\../detail/type_mat4x2.hpp(36): warning #20012-D: __host__ annotation is ignored on a function("mat") that is explicitly defaulted on its first declaration
    		__declspec(__device__) __declspec(__host__)  mat() = default;
    		                                  ^
  
C:\Users\nope1\source\repos\CSGCuda\Includes\GLM\ext\../detail/type_mat4x3.hpp(36): warning #20012-D: __device__ annotation is ignored on a function("mat") that is explicitly defaulted on its first declaration
    		__declspec(__device__) __declspec(__host__)  mat() = default;
    		           ^
  
C:\Users\nope1\source\repos\CSGCuda\Includes\GLM\ext\../detail/type_mat4x3.hpp(36): warning #20012-D: __host__ annotation is ignored on a function("mat") that is explicitly defaulted on its first declaration
    		__declspec(__device__) __declspec(__host__)  mat() = default;
    		                                  ^
  
C:\Users\nope1\source\repos\CSGCuda\Includes\GLM\ext\../detail/type_mat4x4.hpp(35): warning #20012-D: __device__ annotation is ignored on a function("mat") that is explicitly defaulted on its first declaration
    		__declspec(__device__) __declspec(__host__)  mat() = default;
    		           ^
  
C:\Users\nope1\source\repos\CSGCuda\Includes\GLM\ext\../detail/type_mat4x4.hpp(35): warning #20012-D: __host__ annotation is ignored on a function("mat") that is explicitly defaulted on its first declaration
    		__declspec(__device__) __declspec(__host__)  mat() = default;
    		                                  ^
  
C:\Users\nope1\source\repos\CSGCuda\Includes\GLM\detail/type_vec1.hpp(95): warning #20012-D: __device__ annotation is ignored on a function("vec") that is explicitly defaulted on its first declaration
    		__declspec(__device__) __declspec(__host__)  vec() = default;
    		           ^
  
C:\Users\nope1\source\repos\CSGCuda\Includes\GLM\detail/type_vec1.hpp(95): warning #20012-D: __host__ annotation is ignored on a function("vec") that is explicitly defaulted on its first declaration
    		__declspec(__device__) __declspec(__host__)  vec() = default;
    		                                  ^
  
C:\Users\nope1\source\repos\CSGCuda\Includes\GLM\detail/type_vec1.hpp(96): warning #20012-D: __device__ annotation is ignored on a function("vec") that is explicitly defaulted on its first declaration
    		__declspec(__device__) __declspec(__host__)  vec(vec const& v) = default;
    		           ^
  
C:\Users\nope1\source\repos\CSGCuda\Includes\GLM\detail/type_vec1.hpp(96): warning #20012-D: __host__ annotation is ignored on a function("vec") that is explicitly defaulted on its first declaration
    		__declspec(__device__) __declspec(__host__)  vec(vec const& v) = default;
    		                                  ^
  
C:\Users\nope1\source\repos\CSGCuda\Includes\GLM\detail/type_vec1.hpp(132): warning #20012-D: __device__ annotation is ignored on a function("operator=") that is explicitly defaulted on its first declaration
    		__declspec(__device__) __declspec(__host__)  vec<1, T, Q> & operator=(vec const& v) = default;
    		           ^
  
C:\Users\nope1\source\repos\CSGCuda\Includes\GLM\detail/type_vec1.hpp(132): warning #20012-D: __host__ annotation is ignored on a function("operator=") that is explicitly defaulted on its first declaration
    		__declspec(__device__) __declspec(__host__)  vec<1, T, Q> & operator=(vec const& v) = default;
    		                                  ^
  
C:\Users\nope1\source\repos\CSGCuda\CSGCuda\kernel.cu(44): warning #167-D: argument of type "hitable **" is incompatible with parameter of type "const hitable **"
    	vec3 col = get_color(r, world);
    	                        ^
  
C:\Users\nope1\source\repos\CSGCuda\Includes\GLM\ext\../detail/type_vec2.hpp(94): warning #20012-D: __device__ annotation is ignored on a function("vec") that is explicitly defaulted on its first declaration
    		__declspec(__device__) __declspec(__host__)  vec() = default;
    		           ^
  
  Remark: The warnings can be suppressed with "-diag-suppress <warning-number>"
  
C:\Users\nope1\source\repos\CSGCuda\Includes\GLM\ext\../detail/type_vec2.hpp(94): warning #20012-D: __host__ annotation is ignored on a function("vec") that is explicitly defaulted on its first declaration
    		__declspec(__device__) __declspec(__host__)  vec() = default;
    		                                  ^
  
C:\Users\nope1\source\repos\CSGCuda\Includes\GLM\ext\../detail/type_vec2.hpp(95): warning #20012-D: __device__ annotation is ignored on a function("vec") that is explicitly defaulted on its first declaration
    		__declspec(__device__) __declspec(__host__)  vec(vec const& v) = default;
    		           ^
  
C:\Users\nope1\source\repos\CSGCuda\Includes\GLM\ext\../detail/type_vec2.hpp(95): warning #20012-D: __host__ annotation is ignored on a function("vec") that is explicitly defaulted on its first declaration
    		__declspec(__device__) __declspec(__host__)  vec(vec const& v) = default;
    		                                  ^
  
C:\Users\nope1\source\repos\CSGCuda\Includes\GLM\ext\../detail/type_vec2.hpp(143): warning #20012-D: __device__ annotation is ignored on a function("operator=") that is explicitly defaulted on its first declaration
    		__declspec(__device__) __declspec(__host__)  vec<2, T, Q> & operator=(vec const& v) = default;
    		           ^
  
C:\Users\nope1\source\repos\CSGCuda\Includes\GLM\ext\../detail/type_vec2.hpp(143): warning #20012-D: __host__ annotation is ignored on a function("operator=") that is explicitly defaulted on its first declaration
    		__declspec(__device__) __declspec(__host__)  vec<2, T, Q> & operator=(vec const& v) = default;
    		                                  ^
  
C:\Users\nope1\source\repos\CSGCuda\Includes\GLM\ext\../detail/type_vec3.hpp(98): warning #20012-D: __device__ annotation is ignored on a function("vec") that is explicitly defaulted on its first declaration
    		__declspec(__device__) __declspec(__host__)  vec() = default;
    		           ^
  
C:\Users\nope1\source\repos\CSGCuda\Includes\GLM\ext\../detail/type_vec3.hpp(98): warning #20012-D: __host__ annotation is ignored on a function("vec") that is explicitly defaulted on its first declaration
    		__declspec(__device__) __declspec(__host__)  vec() = default;
    		                                  ^
  
C:\Users\nope1\source\repos\CSGCuda\Includes\GLM\ext\../detail/type_vec3.hpp(99): warning #20012-D: __device__ annotation is ignored on a function("vec") that is explicitly defaulted on its first declaration
    		__declspec(__device__) __declspec(__host__)  vec(vec const& v) = default;
    		           ^
  
C:\Users\nope1\source\repos\CSGCuda\Includes\GLM\ext\../detail/type_vec3.hpp(99): warning #20012-D: __host__ annotation is ignored on a function("vec") that is explicitly defaulted on its first declaration
    		__declspec(__device__) __declspec(__host__)  vec(vec const& v) = default;
    		                                  ^
  
C:\Users\nope1\source\repos\CSGCuda\Includes\GLM\ext\../detail/type_vec3.hpp(176): warning #20012-D: __device__ annotation is ignored on a function("operator=") that is explicitly defaulted on its first declaration
    		__declspec(__device__) __declspec(__host__)  vec<3, T, Q>& operator=(vec<3, T, Q> const& v) = default;
    		           ^
  
C:\Users\nope1\source\repos\CSGCuda\Includes\GLM\ext\../detail/type_vec3.hpp(176): warning #20012-D: __host__ annotation is ignored on a function("operator=") that is explicitly defaulted on its first declaration
    		__declspec(__device__) __declspec(__host__)  vec<3, T, Q>& operator=(vec<3, T, Q> const& v) = default;
    		                                  ^
  
C:\Users\nope1\source\repos\CSGCuda\Includes\GLM\ext\../detail/type_vec4.hpp(97): warning #20012-D: __device__ annotation is ignored on a function("vec") that is explicitly defaulted on its first declaration
    		__declspec(__device__) __declspec(__host__)  vec() = default;
    		           ^
  
C:\Users\nope1\source\repos\CSGCuda\Includes\GLM\ext\../detail/type_vec4.hpp(97): warning #20012-D: __host__ annotation is ignored on a function("vec") that is explicitly defaulted on its first declaration
    		__declspec(__device__) __declspec(__host__)  vec() = default;
    		                                  ^
  
C:\Users\nope1\source\repos\CSGCuda\Includes\GLM\ext\../detail/type_vec4.hpp(98): warning #20012-D: __device__ annotation is ignored on a function("vec") that is explicitly defaulted on its first declaration
    		__declspec(__device__) __declspec(__host__)  vec(vec<4, T, Q> const& v) = default;
    		           ^
  
C:\Users\nope1\source\repos\CSGCuda\Includes\GLM\ext\../detail/type_vec4.hpp(98): warning #20012-D: __host__ annotation is ignored on a function("vec") that is explicitly defaulted on its first declaration
    		__declspec(__device__) __declspec(__host__)  vec(vec<4, T, Q> const& v) = default;
    		                                  ^
  
C:\Users\nope1\source\repos\CSGCuda\Includes\GLM\ext\../detail/type_vec4.hpp(249): warning #20012-D: __device__ annotation is ignored on a function("operator=") that is explicitly defaulted on its first declaration
    		__declspec(__device__) __declspec(__host__)  vec<4, T, Q>& operator=(vec<4, T, Q> const& v) = default;
    		           ^
  
C:\Users\nope1\source\repos\CSGCuda\Includes\GLM\ext\../detail/type_vec4.hpp(249): warning #20012-D: __host__ annotation is ignored on a function("operator=") that is explicitly defaulted on its first declaration
    		__declspec(__device__) __declspec(__host__)  vec<4, T, Q>& operator=(vec<4, T, Q> const& v) = default;
    		                                  ^
  
C:\Users\nope1\source\repos\CSGCuda\Includes\GLM\ext\../detail/type_mat2x2.hpp(35): warning #20012-D: __device__ annotation is ignored on a function("mat") that is explicitly defaulted on its first declaration
    		__declspec(__device__) __declspec(__host__)  mat() = default;
    		           ^
  
C:\Users\nope1\source\repos\CSGCuda\Includes\GLM\ext\../detail/type_mat2x2.hpp(35): warning #20012-D: __host__ annotation is ignored on a function("mat") that is explicitly defaulted on its first declaration
    		__declspec(__device__) __declspec(__host__)  mat() = default;
    		                                  ^
  
C:\Users\nope1\source\repos\CSGCuda\Includes\GLM\ext\../detail/type_mat2x3.hpp(36): warning #20012-D: __device__ annotation is ignored on a function("mat") that is explicitly defaulted on its first declaration
    		__declspec(__device__) __declspec(__host__)  mat() = default;
    		           ^
  
C:\Users\nope1\source\repos\CSGCuda\Includes\GLM\ext\../detail/type_mat2x3.hpp(36): warning #20012-D: __host__ annotation is ignored on a function("mat") that is explicitly defaulted on its first declaration
    		__declspec(__device__) __declspec(__host__)  mat() = default;
    		                                  ^
  
C:\Users\nope1\source\repos\CSGCuda\Includes\GLM\ext\../detail/type_mat2x4.hpp(36): warning #20012-D: __device__ annotation is ignored on a function("mat") that is explicitly defaulted on its first declaration
    		__declspec(__device__) __declspec(__host__)  mat() = default;
    		           ^
  
C:\Users\nope1\source\repos\CSGCuda\Includes\GLM\ext\../detail/type_mat2x4.hpp(36): warning #20012-D: __host__ annotation is ignored on a function("mat") that is explicitly defaulted on its first declaration
    		__declspec(__device__) __declspec(__host__)  mat() = default;
    		                                  ^
  
C:\Users\nope1\source\repos\CSGCuda\Includes\GLM\ext\../detail/type_mat3x2.hpp(36): warning #20012-D: __device__ annotation is ignored on a function("mat") that is explicitly defaulted on its first declaration
    		__declspec(__device__) __declspec(__host__)  mat() = default;
    		           ^
  
C:\Users\nope1\source\repos\CSGCuda\Includes\GLM\ext\../detail/type_mat3x2.hpp(36): warning #20012-D: __host__ annotation is ignored on a function("mat") that is explicitly defaulted on its first declaration
    		__declspec(__device__) __declspec(__host__)  mat() = default;
    		                                  ^
  
C:\Users\nope1\source\repos\CSGCuda\Includes\GLM\ext\../detail/type_mat3x3.hpp(35): warning #20012-D: __device__ annotation is ignored on a function("mat") that is explicitly defaulted on its first declaration
    		__declspec(__device__) __declspec(__host__)  mat() = default;
    		           ^
  
C:\Users\nope1\source\repos\CSGCuda\Includes\GLM\ext\../detail/type_mat3x3.hpp(35): warning #20012-D: __host__ annotation is ignored on a function("mat") that is explicitly defaulted on its first declaration
    		__declspec(__device__) __declspec(__host__)  mat() = default;
    		                                  ^
  
C:\Users\nope1\source\repos\CSGCuda\Includes\GLM\ext\../detail/type_mat3x4.hpp(36): warning #20012-D: __device__ annotation is ignored on a function("mat") that is explicitly defaulted on its first declaration
    		__declspec(__device__) __declspec(__host__)  mat() = default;
    		           ^
  
C:\Users\nope1\source\repos\CSGCuda\Includes\GLM\ext\../detail/type_mat3x4.hpp(36): warning #20012-D: __host__ annotation is ignored on a function("mat") that is explicitly defaulted on its first declaration
    		__declspec(__device__) __declspec(__host__)  mat() = default;
    		                                  ^
  
C:\Users\nope1\source\repos\CSGCuda\Includes\GLM\ext\../detail/type_mat4x2.hpp(36): warning #20012-D: __device__ annotation is ignored on a function("mat") that is explicitly defaulted on its first declaration
    		__declspec(__device__) __declspec(__host__)  mat() = default;
    		           ^
  
C:\Users\nope1\source\repos\CSGCuda\Includes\GLM\ext\../detail/type_mat4x2.hpp(36): warning #20012-D: __host__ annotation is ignored on a function("mat") that is explicitly defaulted on its first declaration
    		__declspec(__device__) __declspec(__host__)  mat() = default;
    		                                  ^
  
C:\Users\nope1\source\repos\CSGCuda\Includes\GLM\ext\../detail/type_mat4x3.hpp(36): warning #20012-D: __device__ annotation is ignored on a function("mat") that is explicitly defaulted on its first declaration
    		__declspec(__device__) __declspec(__host__)  mat() = default;
    		           ^
  
C:\Users\nope1\source\repos\CSGCuda\Includes\GLM\ext\../detail/type_mat4x3.hpp(36): warning #20012-D: __host__ annotation is ignored on a function("mat") that is explicitly defaulted on its first declaration
    		__declspec(__device__) __declspec(__host__)  mat() = default;
    		                                  ^
  
C:\Users\nope1\source\repos\CSGCuda\Includes\GLM\ext\../detail/type_mat4x4.hpp(35): warning #20012-D: __device__ annotation is ignored on a function("mat") that is explicitly defaulted on its first declaration
    		__declspec(__device__) __declspec(__host__)  mat() = default;
    		           ^
  
C:\Users\nope1\source\repos\CSGCuda\Includes\GLM\ext\../detail/type_mat4x4.hpp(35): warning #20012-D: __host__ annotation is ignored on a function("mat") that is explicitly defaulted on its first declaration
    		__declspec(__device__) __declspec(__host__)  mat() = default;
    		                                  ^
  
C:\Users\nope1\source\repos\CSGCuda\Includes\GLM\detail/type_vec1.hpp(95): warning #20012-D: __device__ annotation is ignored on a function("vec") that is explicitly defaulted on its first declaration
    		__declspec(__device__) __declspec(__host__)  vec() = default;
    		           ^
  
C:\Users\nope1\source\repos\CSGCuda\Includes\GLM\detail/type_vec1.hpp(95): warning #20012-D: __host__ annotation is ignored on a function("vec") that is explicitly defaulted on its first declaration
    		__declspec(__device__) __declspec(__host__)  vec() = default;
    		                                  ^
  
C:\Users\nope1\source\repos\CSGCuda\Includes\GLM\detail/type_vec1.hpp(96): warning #20012-D: __device__ annotation is ignored on a function("vec") that is explicitly defaulted on its first declaration
    		__declspec(__device__) __declspec(__host__)  vec(vec const& v) = default;
    		           ^
  
C:\Users\nope1\source\repos\CSGCuda\Includes\GLM\detail/type_vec1.hpp(96): warning #20012-D: __host__ annotation is ignored on a function("vec") that is explicitly defaulted on its first declaration
    		__declspec(__device__) __declspec(__host__)  vec(vec const& v) = default;
    		                                  ^
  
C:\Users\nope1\source\repos\CSGCuda\Includes\GLM\detail/type_vec1.hpp(132): warning #20012-D: __device__ annotation is ignored on a function("operator=") that is explicitly defaulted on its first declaration
    		__declspec(__device__) __declspec(__host__)  vec<1, T, Q> & operator=(vec const& v) = default;
    		           ^
  
C:\Users\nope1\source\repos\CSGCuda\Includes\GLM\detail/type_vec1.hpp(132): warning #20012-D: __host__ annotation is ignored on a function("operator=") that is explicitly defaulted on its first declaration
    		__declspec(__device__) __declspec(__host__)  vec<1, T, Q> & operator=(vec const& v) = default;
    		                                  ^
  
C:\Users\nope1\source\repos\CSGCuda\CSGCuda\kernel.cu(44): warning #167-D: argument of type "hitable **" is incompatible with parameter of type "const hitable **"
    	vec3 col = get_color(r, world);
    	                        ^
  
CUDACOMPILE : ptxas warning : Stack size for entry function '_Z17color_grid_kernelP6uchar3iiPP7hitableS3_PP6camera' cannot be statically determined
  kernel.cu
  tmpxft_00001dfc_00000000-7_kernel.cudafe1.cpp
C:\Users\nope1\source\repos\CSGCuda\CSGCuda\vec3.h(38): warning C4244: '*=': conversion from 'double' to 'float', possible loss of data
C:\Users\nope1\source\repos\CSGCuda\CSGCuda\vec3.h(39): warning C4244: '*=': conversion from 'double' to 'float', possible loss of data
C:\Users\nope1\source\repos\CSGCuda\CSGCuda\vec3.h(40): warning C4244: '*=': conversion from 'double' to 'float', possible loss of data
C:\Users\nope1\source\repos\CSGCuda\CSGCuda\vec3.h(76): warning C4244: 'argument': conversion from 'double' to 'float', possible loss of data
C:\Users\nope1\source\repos\CSGCuda\CSGCuda\vec3.h(76): warning C4244: 'argument': conversion from 'double' to 'float', possible loss of data
C:\Users\nope1\source\repos\CSGCuda\CSGCuda\vec3.h(76): warning C4244: 'argument': conversion from 'double' to 'float', possible loss of data
  CSGCuda.vcxproj -> C:\Users\nope1\source\repos\CSGCuda\x64\Debug\CSGCuda.exe
